<?xml version="1.0" encoding="UTF-8"?>
<Site BuildName="Darwin-clang++"
	BuildStamp="20240714-0324-Experimental"
	Name="Ross-MacBook-Pro"
	Generator="ctest-3.29.2"
	CompilerName="/usr/bin/clang++"
	CompilerVersion="14.0.0.14000029"
	OSName="macOS"
	Hostname="Ross-MacBook-Pro"
	OSRelease="12.6"
	OSVersion="21G115"
	OSPlatform="arm64"
	Is64Bits="1"
	VendorString="IBM"
	VendorID="IBM"
	FamilyID="16777228"
	ModelID="2"
	ProcessorCacheSize="131072"
	NumberOfLogicalCPU="8"
	NumberOfPhysicalCPU="8"
	TotalVirtualMemory="4096"
	TotalPhysicalMemory="8192"
	LogicalProcessorsPerPhysical="8"
	ProcessorClockFrequency="0"
	>
	<Testing>
		<StartDateTime>Jul 13 22:24 CDT</StartDateTime>
		<StartTestTime>1720927469</StartTestTime>
		<TestList/>
		<EndDateTime>Jul 13 22:24 CDT</EndDateTime>
		<EndTestTime>1720927469</EndTestTime>
		<ElapsedMinutes>0</ElapsedMinutes>
	</Testing>
</Site>
